FORGE FLOW 7.0 — MVP DRY PASS VALIDATION
Date: 2025-11-05
Phase: P4_MVP_LOOP

STEP 4.1 — END-TO-END MVP LOOP TEST
Status: ✅ PASSED
Tests: All tests passed
Flow: speak.parse → core.activate → guard → build → stage.advance → deactivate

STEP 4.2 — GUARD ENFORCEMENT COMPREHENSIVE TEST
Status: ✅ PASSED
Total Tests: 22
Passed: 22
Failed: 0
Success Rate: 100.0%

Coverage:
- forge-guard: 12 tests ✓
- forge-speak: 8 tests ✓
- Integration: 2 tests ✓

Security Validated:
✓ Never-auto-infra enforced
✓ Token-based confirmation working
✓ Safe mode blocking operational
✓ Risk assessment accurate

MILESTONE: MVP Loop fully operational (stub mode)

